This is pdfTeX, Version 3.14159265-2.6-1.40.20 (TeX Live 2019) (preloaded format=pdflatex 2019.9.11)  22 NOV 2019 12:06
entering extended mode
 restricted \write18 enabled.
 %&-line parsing enabled.
**dummit-foote_solutions.tex
(./dummit-foote_solutions.tex
LaTeX2e <2018-12-01>
(/usr/local/texlive/2019basic/texmf-dist/tex/latex/base/article.cls
Document Class: article 2018/09/03 v1.4i Standard LaTeX document class
(/usr/local/texlive/2019basic/texmf-dist/tex/latex/base/size12.clo
File: size12.clo 2018/09/03 v1.4i Standard LaTeX file (size option)
)
\c@part=\count80
\c@section=\count81
\c@subsection=\count82
\c@subsubsection=\count83
\c@paragraph=\count84
\c@subparagraph=\count85
\c@figure=\count86
\c@table=\count87
\abovecaptionskip=\skip41
\belowcaptionskip=\skip42
\bibindent=\dimen102
)
(/usr/local/texlive/2019basic/texmf-dist/tex/latex/geometry/geometry.sty
Package: geometry 2018/04/16 v5.8 Page Geometry

(/usr/local/texlive/2019basic/texmf-dist/tex/latex/graphics/keyval.sty
Package: keyval 2014/10/28 v1.15 key=value parser (DPC)
\KV@toks@=\toks14
)
(/usr/local/texlive/2019basic/texmf-dist/tex/generic/oberdiek/ifpdf.sty
Package: ifpdf 2018/09/07 v3.3 Provides the ifpdf switch
)
(/usr/local/texlive/2019basic/texmf-dist/tex/generic/oberdiek/ifvtex.sty
Package: ifvtex 2016/05/16 v1.6 Detect VTeX and its facilities (HO)
Package ifvtex Info: VTeX not detected.
)
(/usr/local/texlive/2019basic/texmf-dist/tex/generic/ifxetex/ifxetex.sty
Package: ifxetex 2010/09/12 v0.6 Provides ifxetex conditional
)
\Gm@cnth=\count88
\Gm@cntv=\count89
\c@Gm@tempcnt=\count90
\Gm@bindingoffset=\dimen103
\Gm@wd@mp=\dimen104
\Gm@odd@mp=\dimen105
\Gm@even@mp=\dimen106
\Gm@layoutwidth=\dimen107
\Gm@layoutheight=\dimen108
\Gm@layouthoffset=\dimen109
\Gm@layoutvoffset=\dimen110
\Gm@dimlist=\toks15
)
(/usr/local/texlive/2019basic/texmf-dist/tex/latex/amsmath/amsmath.sty
Package: amsmath 2018/12/01 v2.17b AMS math features
\@mathmargin=\skip43

For additional information on amsmath, use the `?' option.
(/usr/local/texlive/2019basic/texmf-dist/tex/latex/amsmath/amstext.sty
Package: amstext 2000/06/29 v2.01 AMS text

(/usr/local/texlive/2019basic/texmf-dist/tex/latex/amsmath/amsgen.sty
File: amsgen.sty 1999/11/30 v2.0 generic functions
\@emptytoks=\toks16
\ex@=\dimen111
))
(/usr/local/texlive/2019basic/texmf-dist/tex/latex/amsmath/amsbsy.sty
Package: amsbsy 1999/11/29 v1.2d Bold Symbols
\pmbraise@=\dimen112
)
(/usr/local/texlive/2019basic/texmf-dist/tex/latex/amsmath/amsopn.sty
Package: amsopn 2016/03/08 v2.02 operator names
)
\inf@bad=\count91
LaTeX Info: Redefining \frac on input line 223.
\uproot@=\count92
\leftroot@=\count93
LaTeX Info: Redefining \overline on input line 385.
\classnum@=\count94
\DOTSCASE@=\count95
LaTeX Info: Redefining \ldots on input line 482.
LaTeX Info: Redefining \dots on input line 485.
LaTeX Info: Redefining \cdots on input line 606.
\Mathstrutbox@=\box27
\strutbox@=\box28
\big@size=\dimen113
LaTeX Font Info:    Redeclaring font encoding OML on input line 729.
LaTeX Font Info:    Redeclaring font encoding OMS on input line 730.
\macc@depth=\count96
\c@MaxMatrixCols=\count97
\dotsspace@=\muskip10
\c@parentequation=\count98
\dspbrk@lvl=\count99
\tag@help=\toks17
\row@=\count100
\column@=\count101
\maxfields@=\count102
\andhelp@=\toks18
\eqnshift@=\dimen114
\alignsep@=\dimen115
\tagshift@=\dimen116
\tagwidth@=\dimen117
\totwidth@=\dimen118
\lineht@=\dimen119
\@envbody=\toks19
\multlinegap=\skip44
\multlinetaggap=\skip45
\mathdisplay@stack=\toks20
LaTeX Info: Redefining \[ on input line 2844.
LaTeX Info: Redefining \] on input line 2845.
)
(/usr/local/texlive/2019basic/texmf-dist/tex/latex/amscls/amsthm.sty
Package: amsthm 2017/10/31 v2.20.4
\thm@style=\toks21
\thm@bodyfont=\toks22
\thm@headfont=\toks23
\thm@notefont=\toks24
\thm@headpunct=\toks25
\thm@preskip=\skip46
\thm@postskip=\skip47
\thm@headsep=\skip48
\dth@everypar=\toks26
)
(/usr/local/texlive/2019basic/texmf-dist/tex/latex/amsfonts/amssymb.sty
Package: amssymb 2013/01/14 v3.01 AMS font symbols

(/usr/local/texlive/2019basic/texmf-dist/tex/latex/amsfonts/amsfonts.sty
Package: amsfonts 2013/01/14 v3.01 Basic AMSFonts support
\symAMSa=\mathgroup4
\symAMSb=\mathgroup5
LaTeX Font Info:    Overwriting math alphabet `\mathfrak' in version `bold'
(Font)                  U/euf/m/n --> U/euf/b/n on input line 106.
))
(/usr/local/texlive/2019basic/texmf-dist/tex/latex/koma-script/scrextend.sty
Package: scrextend 2019/02/01 v3.26b KOMA-Script package (extend other classes 
with features of KOMA-Script classes)

(/usr/local/texlive/2019basic/texmf-dist/tex/latex/koma-script/scrkbase.sty
Package: scrkbase 2019/02/01 v3.26b KOMA-Script package (KOMA-Script-dependent 
basics and keyval usage)

(/usr/local/texlive/2019basic/texmf-dist/tex/latex/koma-script/scrbase.sty
Package: scrbase 2019/02/01 v3.26b KOMA-Script package (KOMA-Script-independent
 basics and keyval usage)

(/usr/local/texlive/2019basic/texmf-dist/tex/latex/koma-script/scrlfile.sty
Package: scrlfile 2019/02/01 v3.26b KOMA-Script package (loading files)
)))) (/usr/local/texlive/2019basic/texmf-dist/tex/latex/fancyhdr/fancyhdr.sty
Package: fancyhdr 2019/01/31 v3.10 Extensive control of page headers and footer
s
\f@nch@headwidth=\skip49
\f@nch@O@elh=\skip50
\f@nch@O@erh=\skip51
\f@nch@O@olh=\skip52
\f@nch@O@orh=\skip53
\f@nch@O@elf=\skip54
\f@nch@O@erf=\skip55
\f@nch@O@olf=\skip56
\f@nch@O@orf=\skip57
)
No file dummit-foote_solutions.aux.
\openout1 = `dummit-foote_solutions.aux'.

LaTeX Font Info:    Checking defaults for OML/cmm/m/it on input line 41.
LaTeX Font Info:    ... okay on input line 41.
LaTeX Font Info:    Checking defaults for T1/cmr/m/n on input line 41.
LaTeX Font Info:    ... okay on input line 41.
LaTeX Font Info:    Checking defaults for OT1/cmr/m/n on input line 41.
LaTeX Font Info:    ... okay on input line 41.
LaTeX Font Info:    Checking defaults for OMS/cmsy/m/n on input line 41.
LaTeX Font Info:    ... okay on input line 41.
LaTeX Font Info:    Checking defaults for OMX/cmex/m/n on input line 41.
LaTeX Font Info:    ... okay on input line 41.
LaTeX Font Info:    Checking defaults for U/cmr/m/n on input line 41.
LaTeX Font Info:    ... okay on input line 41.
*geometry* driver: auto-detecting
*geometry* detected driver: pdftex
*geometry* verbose mode - [ preamble ] result:
* driver: pdftex
* paper: <default>
* layout: <same size as paper>
* layoutoffset:(h,v)=(0.0pt,0.0pt)
* modes: 
* h-part:(L,W,R)=(72.26999pt, 469.75502pt, 72.26999pt)
* v-part:(T,H,B)=(72.26999pt, 650.43001pt, 72.26999pt)
* \paperwidth=614.295pt
* \paperheight=794.96999pt
* \textwidth=469.75502pt
* \textheight=650.43001pt
* \oddsidemargin=0.0pt
* \evensidemargin=0.0pt
* \topmargin=-37.0pt
* \headheight=12.0pt
* \headsep=25.0pt
* \topskip=12.0pt
* \footskip=30.0pt
* \marginparwidth=44.0pt
* \marginparsep=10.0pt
* \columnsep=10.0pt
* \skip\footins=10.8pt plus 4.0pt minus 2.0pt
* \hoffset=0.0pt
* \voffset=0.0pt
* \mag=1000
* \@twocolumnfalse
* \@twosidefalse
* \@mparswitchfalse
* \@reversemarginfalse
* (1in=72.27pt=25.4mm, 1cm=28.453pt)

LaTeX Font Info:    Try loading font information for U+msa on input line 57.
(/usr/local/texlive/2019basic/texmf-dist/tex/latex/amsfonts/umsa.fd
File: umsa.fd 2013/01/14 v3.01 AMS symbols A
)
LaTeX Font Info:    Try loading font information for U+msb on input line 57.

(/usr/local/texlive/2019basic/texmf-dist/tex/latex/amsfonts/umsb.fd
File: umsb.fd 2013/01/14 v3.01 AMS symbols B
)

Package Fancyhdr Warning: \headheight is too small (12.0pt): 
Make it at least 14.49998pt.
We now make it that large for the rest of the document.
This may cause the page layout to be inconsistent, however.

[1{/usr/local/texlive/2019basic/texmf-var/fonts/map/pdftex/updmap/pdftex.map}

]
LaTeX Font Info:    Try loading font information for OMS+cmr on input line 119.


(/usr/local/texlive/2019basic/texmf-dist/tex/latex/base/omscmr.fd
File: omscmr.fd 2014/09/29 v2.5h Standard LaTeX font definitions
)
LaTeX Font Info:    Font shape `OMS/cmr/m/n' in size <12> not available
(Font)              Font shape `OMS/cmsy/m/n' tried instead on input line 119.
 [2] [3]
[4]
Overfull \hbox (26.23395pt too wide) in paragraph at lines 278--279
[]\OT1/cmr/m/n/12 Prove that the dis-tinct equiv-a-lence classes in $\U/msb/m/n
/12 Z\OML/cmm/m/it/12 =n\U/msb/m/n/12 Z$ \OT1/cmr/m/n/12 are pre-cisely $[]\OML
/cmm/m/it/12 ; []; []; [] ; []$
 []

[5] [6] [7]
Underfull \hbox (badness 10000) in paragraph at lines 519--520

 []

[8] [9] [10] [11] [12] [13] [14] [15] [16]
Underfull \hbox (badness 10000) in paragraph at lines 866--868

 []

[17] [18] [19] [20]
Underfull \hbox (badness 10000) in paragraph at lines 1046--1047

 []

[21] [22]
Underfull \hbox (badness 10000) in paragraph at lines 1106--1108

 []


Overfull \hbox (28.29614pt too wide) in paragraph at lines 1114--1115
[]\OT1/cmr/m/n/12 If $\OML/cmm/m/it/12 x$ \OT1/cmr/m/n/12 is an el-e-ment of fi
-nite or-der $\OML/cmm/m/it/12 n$ \OT1/cmr/m/n/12 in $\OML/cmm/m/it/12 G$\OT1/c
mr/m/n/12 , prove that the el-e-ments $1\OML/cmm/m/it/12 ; x; x[]; [] ; x[]$
 []

[23]
Underfull \hbox (badness 10000) in paragraph at lines 1157--1158

 []

[24] [25]
Underfull \hbox (badness 10000) in paragraph at lines 1214--1215

 []

[26] [27]
Underfull \hbox (badness 10000) in paragraph at lines 1323--1324

 []

[28] [29] [30] [31] [32] [33]
Overfull \hbox (9.94444pt too wide) in paragraph at lines 1599--1600
[]\OT1/cmr/m/n/12 As the pre-vi-ous Ex-er-cises, we can com-pute these group el
-e-ments, $\OML/cmm/m/it/12 ^^[[]$\OT1/cmr/m/n/12 , for $\OML/cmm/m/it/12 i \OT
1/cmr/m/n/12 = 1\OML/cmm/m/it/12 ; \OT1/cmr/m/n/12 2\OML/cmm/m/it/12 ; [] ; \OT
1/cmr/m/n/12 11$,
 []

[34]
Overfull \hbox (3.22191pt too wide) in paragraph at lines 1606--1607
[]\OT1/cmr/m/n/12 Prove that if $\OML/cmm/m/it/12 ^^[$ \OT1/cmr/m/n/12 is the $
\OML/cmm/m/it/12 m$\OT1/cmr/m/n/12 -cycle $[]$, then for all $\OML/cmm/m/it/12 
i \OMS/cmsy/m/n/12 2 []$\OT1/cmr/m/n/12 ,
 []


Underfull \hbox (badness 10000) in paragraph at lines 1629--1630

 []

[35] [36] [37]
Underfull \hbox (badness 10000) in paragraph at lines 1776--1777

 []

[38] [39]
Underfull \hbox (badness 10000) in paragraph at lines 1822--1823

 []

[40] [41]
Underfull \hbox (badness 10000) in paragraph at lines 1864--1865

 []

[42] [43]
Overfull \hbox (13.9404pt too wide) in paragraph at lines 1892--1893
\OT1/cmr/m/n/12 for $\OML/cmm/m/it/12 n \OT1/cmr/m/n/12 = 3\OML/cmm/m/it/12 ; \
OT1/cmr/m/n/12 4\OML/cmm/m/it/12 ; \OT1/cmr/m/n/12 5$). As-sume it holds for ar
-bi-trary $\OML/cmm/m/it/12 k \OMS/cmsy/m/n/12 2 \U/msb/m/n/12 Z[]$\OT1/cmr/m/n
/12 : $\OML/cmm/m/it/12 X[] \OT1/cmr/m/n/12 = []$.
 []

[44] [45]
Underfull \hbox (badness 10000) in paragraph at lines 1993--1994

 []

[46] [47] [48]
Underfull \hbox (badness 10000) in paragraph at lines 2116--2117

 []

[49] [50] [51] [52] [53] [54] [55] [56] [57] [58] [59] [60] [61] [62] [63]
[64] [65] [66] [67] [68] [69]
Underfull \hbox (badness 10000) in paragraph at lines 2967--2968

 []

[70]
Underfull \hbox (badness 10000) in paragraph at lines 3005--3006

 []

[71] [72]
Underfull \hbox (badness 10000) in paragraph at lines 3050--3051

 []


Underfull \hbox (badness 10000) in paragraph at lines 3064--3065

 []


Underfull \hbox (badness 10000) in paragraph at lines 3065--3066

 []

[73] [74] [75] (./dummit-foote_solutions.aux) ) 
Here is how much of TeX's memory you used:
 2568 strings out of 494060
 35522 string characters out of 6163035
 140360 words of memory out of 5000000
 6269 multiletter control sequences out of 15000+600000
 13096 words of font info for 51 fonts, out of 8000000 for 9000
 319 hyphenation exceptions out of 8191
 33i,22n,47p,1440b,403s stack positions out of 5000i,500n,10000p,200000b,80000s
</usr/local/texlive/2019basic/te
xmf-dist/fonts/type1/public/amsfonts/cm/cmbx12.pfb></usr/local/texlive/2019basi
c/texmf-dist/fonts/type1/public/amsfonts/cm/cmex10.pfb></usr/local/texlive/2019
basic/texmf-dist/fonts/type1/public/amsfonts/cm/cmmi10.pfb></usr/local/texlive/
2019basic/texmf-dist/fonts/type1/public/amsfonts/cm/cmmi12.pfb></usr/local/texl
ive/2019basic/texmf-dist/fonts/type1/public/amsfonts/cm/cmmi6.pfb></usr/local/t
exlive/2019basic/texmf-dist/fonts/type1/public/amsfonts/cm/cmmi7.pfb></usr/loca
l/texlive/2019basic/texmf-dist/fonts/type1/public/amsfonts/cm/cmmi8.pfb></usr/l
ocal/texlive/2019basic/texmf-dist/fonts/type1/public/amsfonts/cm/cmr10.pfb></us
r/local/texlive/2019basic/texmf-dist/fonts/type1/public/amsfonts/cm/cmr12.pfb><
/usr/local/texlive/2019basic/texmf-dist/fonts/type1/public/amsfonts/cm/cmr6.pfb
></usr/local/texlive/2019basic/texmf-dist/fonts/type1/public/amsfonts/cm/cmr7.p
fb></usr/local/texlive/2019basic/texmf-dist/fonts/type1/public/amsfonts/cm/cmr8
.pfb></usr/local/texlive/2019basic/texmf-dist/fonts/type1/public/amsfonts/cm/cm
sy10.pfb></usr/local/texlive/2019basic/texmf-dist/fonts/type1/public/amsfonts/c
m/cmsy8.pfb></usr/local/texlive/2019basic/texmf-dist/fonts/type1/public/amsfont
s/cm/cmti12.pfb></usr/local/texlive/2019basic/texmf-dist/fonts/type1/public/ams
fonts/symbols/msam10.pfb></usr/local/texlive/2019basic/texmf-dist/fonts/type1/p
ublic/amsfonts/symbols/msbm10.pfb>
Output written on dummit-foote_solutions.pdf (75 pages, 433637 bytes).
PDF statistics:
 316 PDF objects out of 1000 (max. 8388607)
 219 compressed objects within 3 object streams
 0 named destinations out of 1000 (max. 500000)
 1 words of extra memory for PDF output out of 10000 (max. 10000000)

